<?xml version="1.0" encoding="UTF-8"?>
<!-- Generated by org.testng.reporters.JUnitXMLReporter -->
<testsuite hostname="MAD-4MFFP32" ignored="0" name="Surefire test" tests="4" failures="0" timestamp="06 abr 2021 10:07:20 GMT" time="2.108" errors="0">
  <testcase name="main" time="0.023" classname="com.everis.eva.infobip.EvaInfobipApplicationTest"/>
  <testcase name="clearCacheTest" time="0.006" classname="com.everis.eva.infobip.service.cache.WhatsAppCacheTest"/>
  <testcase name="getUserKeystest" time="0.007" classname="com.everis.eva.infobip.service.cache.WhatsAppCacheTest"/>
  <testcase name="removeTest" time="0.0" classname="com.everis.eva.infobip.service.cache.WhatsAppCacheTest"/>
</testsuite> <!-- Surefire test -->
