<?xml version="1.0" encoding="UTF-8"?>
<testsuite xmlns:xsi="http://www.w3.org/2001/XMLSchema-instance" xsi:noNamespaceSchemaLocation="https://maven.apache.org/surefire/maven-surefire-plugin/xsd/surefire-test-report.xsd" name="TestSuite" time="5.744" tests="4" errors="0" skipped="0" failures="0">
  <properties>
[...]
</properties>
  <testcase name="main" classname="com.everis.eva.infobip.EvaInfobipApplicationTest" time="0.022"/>
  <testcase name="clearCacheTest" classname="com.everis.eva.infobip.service.cache.WhatsAppCacheTest" time="0.008"/>
  <testcase name="getUserKeystest" classname="com.everis.eva.infobip.service.cache.WhatsAppCacheTest" time="0"/>
  <testcase name="removeTest" classname="com.everis.eva.infobip.service.cache.WhatsAppCacheTest" time="0.015"/>
</testsuite>