<?xml version="1.0" encoding="UTF-8"?>
<testng-results skipped="0" failed="0" ignored="0" total="4" passed="4">
  <reporter-output>
  </reporter-output>
  <suite name="Surefire suite" duration-ms="2108" started-at="2021-04-06T10:07:18Z" finished-at="2021-04-06T10:07:20Z">
    <groups>
    </groups>
    <test name="Surefire test" duration-ms="2108" started-at="2021-04-06T10:07:18Z" finished-at="2021-04-06T10:07:20Z">
      <class name="com.everis.eva.infobip.service.cache.WhatsAppCacheTest">
        <test-method status="PASS" signature="setup()[pri:0, instance:com.everis.eva.infobip.service.cache.WhatsAppCacheTest@a38d7a3]" name="setup" is-config="true" duration-ms="1987" started-at="2021-04-06T10:07:18Z" finished-at="2021-04-06T10:07:20Z">
          <reporter-output>
          </reporter-output>
        </test-method> <!-- setup -->
        <test-method status="PASS" signature="clearCacheTest()[pri:0, instance:com.everis.eva.infobip.service.cache.WhatsAppCacheTest@a38d7a3]" name="clearCacheTest" duration-ms="6" started-at="2021-04-06T10:07:20Z" finished-at="2021-04-06T10:07:20Z">
          <reporter-output>
          </reporter-output>
        </test-method> <!-- clearCacheTest -->
        <test-method status="PASS" signature="setup()[pri:0, instance:com.everis.eva.infobip.service.cache.WhatsAppCacheTest@a38d7a3]" name="setup" is-config="true" duration-ms="1" started-at="2021-04-06T10:07:20Z" finished-at="2021-04-06T10:07:20Z">
          <reporter-output>
          </reporter-output>
        </test-method> <!-- setup -->
        <test-method status="PASS" signature="getUserKeystest()[pri:0, instance:com.everis.eva.infobip.service.cache.WhatsAppCacheTest@a38d7a3]" name="getUserKeystest" duration-ms="7" started-at="2021-04-06T10:07:20Z" finished-at="2021-04-06T10:07:20Z">
          <reporter-output>
          </reporter-output>
        </test-method> <!-- getUserKeystest -->
        <test-method status="PASS" signature="setup()[pri:0, instance:com.everis.eva.infobip.service.cache.WhatsAppCacheTest@a38d7a3]" name="setup" is-config="true" duration-ms="1" started-at="2021-04-06T10:07:20Z" finished-at="2021-04-06T10:07:20Z">
          <reporter-output>
          </reporter-output>
        </test-method> <!-- setup -->
        <test-method status="PASS" signature="removeTest()[pri:0, instance:com.everis.eva.infobip.service.cache.WhatsAppCacheTest@a38d7a3]" name="removeTest" duration-ms="0" started-at="2021-04-06T10:07:20Z" finished-at="2021-04-06T10:07:20Z">
          <reporter-output>
          </reporter-output>
        </test-method> <!-- removeTest -->
      </class> <!-- com.everis.eva.infobip.service.cache.WhatsAppCacheTest -->
      <class name="com.everis.eva.infobip.EvaInfobipApplicationTest">
        <test-method status="PASS" signature="main()[pri:0, instance:com.everis.eva.infobip.EvaInfobipApplicationTest@1a3869f4]" name="main" duration-ms="23" started-at="2021-04-06T10:07:18Z" finished-at="2021-04-06T10:07:18Z">
          <reporter-output>
          </reporter-output>
        </test-method> <!-- main -->
      </class> <!-- com.everis.eva.infobip.EvaInfobipApplicationTest -->
    </test> <!-- Surefire test -->
  </suite> <!-- Surefire suite -->
</testng-results>
